c:\users\thiss\ai_proj\mapping-human-poses-for-ai-applications\map_poses\map_poses\map_poses\x64\debug\vc142.pdb
c:\users\thiss\ai_proj\mapping-human-poses-for-ai-applications\map_poses\map_poses\map_poses\x64\debug\vc142.idb
c:\users\thiss\ai_proj\mapping-human-poses-for-ai-applications\map_poses\map_poses\map_poses\x64\debug\azure_kinect_bt_data_collect.obj
c:\users\thiss\ai_proj\mapping-human-poses-for-ai-applications\map_poses\map_poses\x64\debug\map_poses.ilk
c:\users\thiss\ai_proj\mapping-human-poses-for-ai-applications\map_poses\map_poses\x64\debug\map_poses.exe
c:\users\thiss\ai_proj\mapping-human-poses-for-ai-applications\map_poses\map_poses\x64\debug\map_poses.pdb
c:\users\thiss\ai_proj\mapping-human-poses-for-ai-applications\map_poses\map_poses\x64\debug\depthengine_2_0.dll
c:\users\thiss\ai_proj\mapping-human-poses-for-ai-applications\map_poses\map_poses\x64\debug\k4a.dll
c:\users\thiss\ai_proj\mapping-human-poses-for-ai-applications\map_poses\map_poses\x64\debug\k4arecord.dll
c:\users\thiss\ai_proj\mapping-human-poses-for-ai-applications\map_poses\map_poses\x64\debug\k4a.pdb
c:\users\thiss\ai_proj\mapping-human-poses-for-ai-applications\map_poses\map_poses\x64\debug\k4arecord.pdb
c:\users\thiss\ai_proj\mapping-human-poses-for-ai-applications\map_poses\map_poses\x64\debug\cublas64_100.dll
c:\users\thiss\ai_proj\mapping-human-poses-for-ai-applications\map_poses\map_poses\x64\debug\cudart64_100.dll
c:\users\thiss\ai_proj\mapping-human-poses-for-ai-applications\map_poses\map_poses\x64\debug\vcomp140.dll
c:\users\thiss\ai_proj\mapping-human-poses-for-ai-applications\map_poses\map_poses\x64\debug\cudnn64_7.dll
c:\users\thiss\ai_proj\mapping-human-poses-for-ai-applications\map_poses\map_poses\x64\debug\k4abt.dll
c:\users\thiss\ai_proj\mapping-human-poses-for-ai-applications\map_poses\map_poses\x64\debug\onnxruntime.dll
c:\users\thiss\ai_proj\mapping-human-poses-for-ai-applications\map_poses\map_poses\map_poses\x64\debug\map_poses.tlog\cl.command.1.tlog
c:\users\thiss\ai_proj\mapping-human-poses-for-ai-applications\map_poses\map_poses\map_poses\x64\debug\map_poses.tlog\cl.read.1.tlog
c:\users\thiss\ai_proj\mapping-human-poses-for-ai-applications\map_poses\map_poses\map_poses\x64\debug\map_poses.tlog\cl.write.1.tlog
c:\users\thiss\ai_proj\mapping-human-poses-for-ai-applications\map_poses\map_poses\map_poses\x64\debug\map_poses.tlog\link.command.1.tlog
c:\users\thiss\ai_proj\mapping-human-poses-for-ai-applications\map_poses\map_poses\map_poses\x64\debug\map_poses.tlog\link.read.1.tlog
c:\users\thiss\ai_proj\mapping-human-poses-for-ai-applications\map_poses\map_poses\map_poses\x64\debug\map_poses.tlog\link.write.1.tlog
c:\users\thiss\ai_proj\mapping-human-poses-for-ai-applications\map_poses\map_poses\map_poses\x64\debug\map_poses.tlog\map_poses.write.1u.tlog
